[debug] [2025-11-30T14:48:28.050Z] ----------------------------------------------------------------------
[debug] [2025-11-30T14:48:28.052Z] Command:       C:\Program Files\nodejs\node.exe C:\Users\nk\AppData\Roaming\npm\node_modules\firebase-tools\lib\bin\firebase.js deploy --only functions
[debug] [2025-11-30T14:48:28.052Z] CLI Version:   14.26.0
[debug] [2025-11-30T14:48:28.052Z] Platform:      win32
[debug] [2025-11-30T14:48:28.052Z] Node Version:  v22.14.0
[debug] [2025-11-30T14:48:28.052Z] Time:          Sun Nov 30 2025 23:48:28 GMT+0900 (日本標準時)
[debug] [2025-11-30T14:48:28.052Z] ----------------------------------------------------------------------
[debug] 
[debug] [2025-11-30T14:48:28.054Z] >>> [apiv2][query] GET https://firebase-public.firebaseio.com/cli.json [none]
[error] 
[error] Error: Not in a Firebase app directory (could not locate firebase.json)
[debug] [2025-11-30T14:48:28.380Z] <<< [apiv2][status] GET https://firebase-public.firebaseio.com/cli.json 200
[debug] [2025-11-30T14:48:28.380Z] <<< [apiv2][body] GET https://firebase-public.firebaseio.com/cli.json {"cloudBuildErrorAfter":1594252800000,"cloudBuildWarnAfter":1590019200000,"defaultNode10After":1594252800000,"minVersion":"3.0.5","node8DeploysDisabledAfter":1613390400000,"node8RuntimeDisabledAfter":1615809600000,"node8WarnAfter":1600128000000}
[debug] [2025-11-30T14:48:28.439Z] Error: EBUSY: resource busy or locked, unlink 'D:\_web\デスケル\世界版17(有料)\firebase-debug.log'
    at Object.unlinkSync (node:fs:1953:11)
    at process.<anonymous> (C:\Users\nk\AppData\Roaming\npm\node_modules\firebase-tools\lib\bin\cli.js:44:16)
    at process.emit (node:events:530:35)
    at process.exit (node:internal/process/per_thread:184:15)
    at Timeout._onTimeout (C:\Users\nk\AppData\Roaming\npm\node_modules\firebase-tools\lib\errorOut.js:20:17)
    at listOnTimeout (node:internal/timers:594:17)
    at process.processTimers (node:internal/timers:529:7)
[error] 
[error] Error: An unexpected error has occurred.
